Server error: SyntaxError: Expected property name or '}' in JSON at position 1 (line 1 column 2)
    at JSON.parse (<anonymous>)
    at parse (C:\Users\hasan\OneDrive\Desktop\myco payments\dummy-payment-api\node_modules\body-parser\lib\types\json.js:92:19)
    at C:\Users\hasan\OneDrive\Desktop\myco payments\dummy-payment-api\node_modules\body-parser\lib\read.js:128:18
    at AsyncResource.runInAsyncScope (node:async_hooks:214:14)
    at invokeCallback (C:\Users\hasan\OneDrive\Desktop\myco payments\dummy-payment-api\node_modules\raw-body\index.js:238:16)
    at done (C:\Users\hasan\OneDrive\Desktop\myco payments\dummy-payment-api\node_modules\raw-body\index.js:227:7)
    at IncomingMessage.onEnd (C:\Users\hasan\OneDrive\Desktop\myco payments\dummy-payment-api\node_modules\raw-body\index.js:287:7)
    at IncomingMessage.emit (node:events:507:28)
    at endReadableNT (node:internal/streams/readable:1701:12)
    at process.processTicksAndRejections (node:internal/process/task_queues:90:21) {
  expose: true,
  statusCode: 400,
  status: 400,
  body: '{\\',
  type: 'entity.parse.failed'
}
Server error: SyntaxError: Expected property name or '}' in JSON at position 2 (line 1 column 3)
    at JSON.parse (<anonymous>)
    at parse (C:\Users\hasan\OneDrive\Desktop\myco payments\dummy-payment-api\node_modules\body-parser\lib\types\json.js:92:19)
    at C:\Users\hasan\OneDrive\Desktop\myco payments\dummy-payment-api\node_modules\body-parser\lib\read.js:128:18
    at AsyncResource.runInAsyncScope (node:async_hooks:214:14)
    at invokeCallback (C:\Users\hasan\OneDrive\Desktop\myco payments\dummy-payment-api\node_modules\raw-body\index.js:238:16)
    at done (C:\Users\hasan\OneDrive\Desktop\myco payments\dummy-payment-api\node_modules\raw-body\index.js:227:7)
    at IncomingMessage.onEnd (C:\Users\hasan\OneDrive\Desktop\myco payments\dummy-payment-api\node_modules\raw-body\index.js:287:7)
    at IncomingMessage.emit (node:events:507:28)
    at endReadableNT (node:internal/streams/readable:1701:12)
    at process.processTicksAndRejections (node:internal/process/task_queues:90:21) {
  expose: true,
  statusCode: 400,
  status: 400,
  body: '{ reference:TEST-LOCAL-OK,amount:1000,paymentMethod:jazzcash,paymentType:onetime,successUrl:https://merchant.com/webhook,returnUrl:https://merchant.com/return}\r\n',
  type: 'entity.parse.failed'
}
